Using pre-set license
Built from '2020.2/release' branch; Version is '2020.2.2f1 (068178b99f32) revision 426360'; Using compiler version '192528614'; Build Type 'Release'
OS: 'Windows 10 Home; OS build 18363.1440; Version 1909; 64bit' Language: 'fr' Physical Memory: 16145 MB
BatchMode: 1, IsHumanControllingUs: 0, StartBugReporterOnCrash: 0, Is64bit: 1, IsPro: 0

 COMMAND LINE ARGUMENTS:
C:\Program Files\Unity\2020.2.2f1\Editor\Unity.exe
-adb2
-batchMode
-noUpm
-name
AssetImportWorker0
-projectPath
C:/Users/Remi/Desktop/GitHub/Hussard2D/Projet Hussard
-logFile
Logs/AssetImportWorker0.log
-srvPort
60293
Successfully changed project path to: C:/Users/Remi/Desktop/GitHub/Hussard2D/Projet Hussard
C:/Users/Remi/Desktop/GitHub/Hussard2D/Projet Hussard
Using Asset Import Pipeline V2.
Refreshing native plugins compatible for Editor in 67.83 ms, found 0 plugins.
Preloading 0 native plugins for Editor in 0.00 ms.
Initialize engine version: 2020.2.2f1 (068178b99f32)
[Subsystems] Discovering subsystems at path C:/Program Files/Unity/2020.2.2f1/Editor/Data/Resources/UnitySubsystems
[Subsystems] Discovering subsystems at path C:/Users/Remi/Desktop/GitHub/Hussard2D/Projet Hussard/Assets
GfxDevice: creating device client; threaded=0
Direct3D:
    Version:  Direct3D 11.0 [level 11.1]
    Renderer: NVIDIA GeForce RTX 2060 (ID=0x1f15)
    Vendor:   
    VRAM:     5980 MB
    Driver:   27.21.14.5206
Shader 'Universal Render Pipeline/Particles/Lit': fallback shader 'Universal Render Pipeline/Particles/SimpleLit' not found
Initialize mono
Mono path[0] = 'C:/Program Files/Unity/2020.2.2f1/Editor/Data/Managed'
Mono path[1] = 'C:/Program Files/Unity/2020.2.2f1/Editor/Data/MonoBleedingEdge/lib/mono/unityjit'
Mono config path = 'C:/Program Files/Unity/2020.2.2f1/Editor/Data/MonoBleedingEdge/etc'
Using monoOptions --debugger-agent=transport=dt_socket,embedding=1,server=y,suspend=n,address=127.0.0.1:56280
Begin MonoManager ReloadAssembly
Registering precompiled unity dll's ...
Register platform support module: C:/Program Files/Unity/2020.2.2f1/Editor/Data/PlaybackEngines/WindowsStandaloneSupport/UnityEditor.WindowsStandalone.Extensions.dll
Registered in 0.001816 seconds.
Native extension for WindowsStandalone target not found
Refreshing native plugins compatible for Editor in 62.17 ms, found 0 plugins.
Preloading 0 native plugins for Editor in 0.00 ms.
Invoked RoslynAnalysisRunner static constructor.
RoslynAnalysisRunner will not be running.
RoslynAnalysisRunner has terminated.
Mono: successfully reloaded assembly
- Completed reload, in  1.204 seconds
Platform modules already initialized, skipping
Registering precompiled user dll's ...
Registered in 0.001513 seconds.
Begin MonoManager ReloadAssembly
Native extension for WindowsStandalone target not found
Refreshing native plugins compatible for Editor in 63.31 ms, found 0 plugins.
Preloading 0 native plugins for Editor in 0.00 ms.
Invoked RoslynAnalysisRunner static constructor.
RoslynAnalysisRunner will not be running.
RoslynAnalysisRunner has terminated.
Mono: successfully reloaded assembly
- Completed reload, in  1.206 seconds
Platform modules already initialized, skipping
========================================================================
Worker process is ready to serve import requests
Shader 'Universal Render Pipeline/Particles/Lit': fallback shader 'Universal Render Pipeline/Particles/SimpleLit' not found
Launched and connected shader compiler UnityShaderCompiler.exe after 0.04 seconds
Refreshing native plugins compatible for Editor in 0.89 ms, found 0 plugins.
Preloading 0 native plugins for Editor in 0.00 ms.
Unloading 2659 Unused Serialized files (Serialized files now loaded: 0)
System memory in use before: 123.8 MB.
System memory in use after: 124.0 MB.

Unloading 10 unused Assets to reduce memory usage. Loaded Objects now: 3099.
Total: 3.205700 ms (FindLiveObjects: 0.545800 ms CreateObjectMapping: 0.279700 ms MarkObjects: 2.277700 ms  DeleteObjects: 0.100600 ms)

========================================================================
Received Import Request.
  path: Assets/Bounciness.physicsMaterial2D
  artifactKey: Guid(6e43c4259030b214dbfc901a2331bd2b) Importer(815301076,1909f56bfc062723c751e8b465ee728b)
Start importing Assets/Bounciness.physicsMaterial2D using Guid(6e43c4259030b214dbfc901a2331bd2b) Importer(815301076,1909f56bfc062723c751e8b465ee728b)  -> (artifact id: '6f0ba9a1e3eb8b658f3faf96850dba3b') in 0.041701 seconds
  Import took 0.048414 seconds .

========================================================================
Received Import Request.
  Time since last request: 0.000290 seconds.
  path: Assets/SolIle.asset
  artifactKey: Guid(4b3b0dfc7d6b74440a3c55f3a55935c4) Importer(815301076,1909f56bfc062723c751e8b465ee728b)
Start importing Assets/SolIle.asset using Guid(4b3b0dfc7d6b74440a3c55f3a55935c4) Importer(815301076,1909f56bfc062723c751e8b465ee728b)  -> (artifact id: '5eef805d79d5eeb5556004b3498f013e') in 0.020244 seconds
  Import took 0.028143 seconds .

========================================================================
Received Import Request.
  Time since last request: 0.000301 seconds.
  path: Assets/New Physics Material 2D.physicsMaterial2D
  artifactKey: Guid(a67afc0820a8da141bfd736420353505) Importer(815301076,1909f56bfc062723c751e8b465ee728b)
Start importing Assets/New Physics Material 2D.physicsMaterial2D using Guid(a67afc0820a8da141bfd736420353505) Importer(815301076,1909f56bfc062723c751e8b465ee728b)  -> (artifact id: 'a961b8227e29e16778cfa92de8238ae2') in 0.011283 seconds
  Import took 0.018747 seconds .

========================================================================
Received Import Request.
  Time since last request: 0.000291 seconds.
  path: Assets/LightweightRenderPipelineAsset.asset
  artifactKey: Guid(099bb08f7edbd0348a512f204543164f) Importer(815301076,1909f56bfc062723c751e8b465ee728b)
Start importing Assets/LightweightRenderPipelineAsset.asset using Guid(099bb08f7edbd0348a512f204543164f) Importer(815301076,1909f56bfc062723c751e8b465ee728b)  -> (artifact id: 'e5711310570e10d9d7ff0ecdf840cf2f') in 0.011764 seconds
  Import took 0.019001 seconds .

========================================================================
Received Import Request.
  Time since last request: 0.000296 seconds.
  path: Assets/Explosifs.prefab
  artifactKey: Guid(ffad7e8866d77f143a74dad489add28f) Importer(815301076,1909f56bfc062723c751e8b465ee728b)
Start importing Assets/Explosifs.prefab using Guid(ffad7e8866d77f143a74dad489add28f) Importer(815301076,1909f56bfc062723c751e8b465ee728b)  -> (artifact id: 'ebee4816f68f5eb8a0aa6dec144624d7') in 0.033669 seconds
  Import took 0.041689 seconds .

========================================================================
Received Import Request.
  Time since last request: 0.000258 seconds.
  path: Assets/New SpriteShapeProfile.asset
  artifactKey: Guid(9d6ad1e30b0b6ef49938a0fcfc35c991) Importer(815301076,1909f56bfc062723c751e8b465ee728b)
Start importing Assets/New SpriteShapeProfile.asset using Guid(9d6ad1e30b0b6ef49938a0fcfc35c991) Importer(815301076,1909f56bfc062723c751e8b465ee728b)  -> (artifact id: 'f5dfd9012d4119a737dd4dd7ba0f74be') in 0.012908 seconds
  Import took 0.019413 seconds .

========================================================================
Received Import Request.
  Time since last request: 0.000358 seconds.
  path: Assets/2D Renderer.asset
  artifactKey: Guid(83816d629b2fa4e4685ed2e5b69d39d9) Importer(815301076,1909f56bfc062723c751e8b465ee728b)
Start importing Assets/2D Renderer.asset using Guid(83816d629b2fa4e4685ed2e5b69d39d9) Importer(815301076,1909f56bfc062723c751e8b465ee728b)  -> (artifact id: '38b5e5810dcbfd8d771c60029e4368d1') in 0.009806 seconds
  Import took 0.016006 seconds .

========================================================================
Received Import Request.
  Time since last request: 0.000234 seconds.
  path: Assets/Scripts
  artifactKey: Guid(cdb142dc4861bad419be14ea9f7fda08) Importer(815301076,1909f56bfc062723c751e8b465ee728b)
Start importing Assets/Scripts using Guid(cdb142dc4861bad419be14ea9f7fda08) Importer(815301076,1909f56bfc062723c751e8b465ee728b)  -> (artifact id: 'abf7339e0a30c6858da44b319a9057cd') in 0.009039 seconds
  Import took 0.014091 seconds .

========================================================================
Received Import Request.
  Time since last request: 0.000204 seconds.
  path: Assets/Water.asset
  artifactKey: Guid(2eef187901885b942990c2f06c918f32) Importer(815301076,1909f56bfc062723c751e8b465ee728b)
Start importing Assets/Water.asset using Guid(2eef187901885b942990c2f06c918f32) Importer(815301076,1909f56bfc062723c751e8b465ee728b)  -> (artifact id: '3ae7599eaa3a1d23a05831b967c8ce4d') in 0.010915 seconds
  Import took 0.015941 seconds .

========================================================================
Received Import Request.
  Time since last request: 0.000228 seconds.
  path: Assets/Canvas.prefab
  artifactKey: Guid(5befb66cc5a49d842a7aededfaec8cae) Importer(815301076,1909f56bfc062723c751e8b465ee728b)
Start importing Assets/Canvas.prefab using Guid(5befb66cc5a49d842a7aededfaec8cae) Importer(815301076,1909f56bfc062723c751e8b465ee728b)  -> (artifact id: 'fa7cc865483cdd01ce42b7b94f573746') in 0.020690 seconds
  Import took 0.025907 seconds .

========================================================================
Received Import Request.
  Time since last request: 2.879608 seconds.
  path: Assets/Scripts/PlayerManager.cs
  artifactKey: Guid(6184bcee7b0a1644b8c621b7827866dc) Importer(815301076,1909f56bfc062723c751e8b465ee728b)
Start importing Assets/Scripts/PlayerManager.cs using Guid(6184bcee7b0a1644b8c621b7827866dc) Importer(815301076,1909f56bfc062723c751e8b465ee728b)  -> (artifact id: '3dd9dd03bef89c4a1a0b489d651dc017') in 0.033701 seconds
  Import took 0.045390 seconds .

========================================================================
Received Import Request.
  Time since last request: 0.007067 seconds.
  path: Assets/Scripts/PlayerManager.cs
  artifactKey: Guid(6184bcee7b0a1644b8c621b7827866dc) Importer(815301076,1909f56bfc062723c751e8b465ee728b)
Start importing Assets/Scripts/PlayerManager.cs using Guid(6184bcee7b0a1644b8c621b7827866dc) Importer(815301076,1909f56bfc062723c751e8b465ee728b)  -> (artifact id: '3dd9dd03bef89c4a1a0b489d651dc017') in 0.007232 seconds
  Import took 0.019338 seconds .

========================================================================
Received Prepare
Shader 'Universal Render Pipeline/Particles/Lit': fallback shader 'Universal Render Pipeline/Particles/SimpleLit' not found
Refreshing native plugins compatible for Editor in 1.43 ms, found 0 plugins.
Preloading 0 native plugins for Editor in 0.00 ms.
Unloading 6 Unused Serialized files (Serialized files now loaded: 0)
System memory in use before: 66.4 MB.
System memory in use after: 66.6 MB.

Unloading 3 unused Assets to reduce memory usage. Loaded Objects now: 3101.
Total: 3.501600 ms (FindLiveObjects: 0.295800 ms CreateObjectMapping: 0.183700 ms MarkObjects: 3.003800 ms  DeleteObjects: 0.017400 ms)

========================================================================
Received Prepare
Registering precompiled user dll's ...
Registered in 0.001608 seconds.
Begin MonoManager ReloadAssembly
Native extension for WindowsStandalone target not found
Refreshing native plugins compatible for Editor in 0.52 ms, found 0 plugins.
Preloading 0 native plugins for Editor in 0.00 ms.
Invoked RoslynAnalysisRunner static constructor.
RoslynAnalysisRunner will not be running.
RoslynAnalysisRunner has terminated.
Mono: successfully reloaded assembly
- Completed reload, in  1.176 seconds
Platform modules already initialized, skipping
Shader 'Universal Render Pipeline/Particles/Lit': fallback shader 'Universal Render Pipeline/Particles/SimpleLit' not found
Refreshing native plugins compatible for Editor in 0.63 ms, found 0 plugins.
Preloading 0 native plugins for Editor in 0.00 ms.
Unloading 2522 Unused Serialized files (Serialized files now loaded: 0)
System memory in use before: 117.1 MB.
System memory in use after: 117.3 MB.

Unloading 5 unused Assets to reduce memory usage. Loaded Objects now: 3103.
Total: 2.968500 ms (FindLiveObjects: 0.371300 ms CreateObjectMapping: 0.211700 ms MarkObjects: 2.365500 ms  DeleteObjects: 0.018300 ms)

========================================================================
Received Prepare
Registering precompiled user dll's ...
Registered in 0.001752 seconds.
Begin MonoManager ReloadAssembly
Native extension for WindowsStandalone target not found
Refreshing native plugins compatible for Editor in 0.60 ms, found 0 plugins.
Preloading 0 native plugins for Editor in 0.00 ms.
Invoked RoslynAnalysisRunner static constructor.
RoslynAnalysisRunner will not be running.
RoslynAnalysisRunner has terminated.
Mono: successfully reloaded assembly
- Completed reload, in  1.224 seconds
Platform modules already initialized, skipping
Shader 'Universal Render Pipeline/Particles/Lit': fallback shader 'Universal Render Pipeline/Particles/SimpleLit' not found
Refreshing native plugins compatible for Editor in 0.53 ms, found 0 plugins.
Preloading 0 native plugins for Editor in 0.00 ms.
Unloading 2522 Unused Serialized files (Serialized files now loaded: 0)
System memory in use before: 117.1 MB.
System memory in use after: 117.4 MB.

Unloading 5 unused Assets to reduce memory usage. Loaded Objects now: 3105.
Total: 3.773900 ms (FindLiveObjects: 0.340700 ms CreateObjectMapping: 0.251100 ms MarkObjects: 3.160900 ms  DeleteObjects: 0.019400 ms)

AssetImportWorkerClient::OnTransportError - code=2 error=End of file
